<?xml version="1.0" encoding="UTF-8"?>
<robot generator="Robot 3.1.2 (Python 3.6.9 on linux)" generated="20200409 14:36:19.777" rpa="false">
<suite id="s1" name="Check Junos Config" source="/home/gilbert/juniper/demolab-juniper/robot/check_junos_config.robot">
<test id="s1-t1" name="Ckeck Junos OS Version">
<kw name="${VQFX} IN [ @{VQFXS} ]" type="for">
<kw name="${VQFX} = {'ip': '127.0.0.1', 'port': '2222'}" type="foritem">
<kw name="Connect Device" library="JunosDevice">
<arguments>
<arg>host=${VQFX['ip']}</arg>
<arg>port=${VQFX['port']}</arg>
<arg>user=${USERNAME}</arg>
<arg>password=${PASSWORD}</arg>
</arguments>
<msg timestamp="20200409 14:36:20.205" level="INFO">[host 127.0.0.1 session-id 3927] initialized: session-id=3927 | server_capabilities=&lt;dict_keyiterator object at 0x7f481764c818&gt;</msg>
<status status="PASS" starttime="20200409 14:36:19.927" endtime="20200409 14:36:20.205"></status>
</kw>
<kw name="Get Device Os Version" library="JunosDevice">
<assign>
<var>${version}</var>
</assign>
<msg timestamp="20200409 14:36:20.206" level="INFO">[host 127.0.0.1 session-id 3927] Requesting 'ExecuteRpc'</msg>
<msg timestamp="20200409 14:36:20.309" level="INFO">[host 127.0.0.1 session-id 3927] Requesting 'ExecuteRpc'</msg>
<msg timestamp="20200409 14:36:20.428" level="INFO">[host 127.0.0.1 session-id 3927] Requesting 'ExecuteRpc'</msg>
<msg timestamp="20200409 14:36:20.547" level="INFO">[host 127.0.0.1 session-id 3927] Requesting 'ExecuteRpc'</msg>
<msg timestamp="20200409 14:36:20.691" level="INFO">[host 127.0.0.1 session-id 3927] Requesting 'ExecuteRpc'</msg>
<msg timestamp="20200409 14:36:20.797" level="INFO">[host 127.0.0.1 session-id 3927] Requesting 'ExecuteRpc'</msg>
<msg timestamp="20200409 14:36:21.427" level="INFO">[host 127.0.0.1 session-id 3927] Requesting 'ExecuteRpc'</msg>
<msg timestamp="20200409 14:36:21.531" level="INFO">[host 127.0.0.1 session-id 3927] Requesting 'ExecuteRpc'</msg>
<msg timestamp="20200409 14:36:21.643" level="INFO">[host 127.0.0.1 session-id 3927] Requesting 'ExecuteRpc'</msg>
<msg timestamp="20200409 14:36:21.745" level="INFO">[host 127.0.0.1 session-id 3927] Requesting 'ExecuteRpc'</msg>
<msg timestamp="20200409 14:36:21.849" level="INFO">[host 127.0.0.1 session-id 3927] Requesting 'ExecuteRpc'</msg>
<msg timestamp="20200409 14:36:21.956" level="INFO">[host 127.0.0.1 session-id 3927] Requesting 'ExecuteRpc'</msg>
<msg timestamp="20200409 14:36:22.061" level="INFO">${version} = 19.4R1.10</msg>
<status status="PASS" starttime="20200409 14:36:20.205" endtime="20200409 14:36:22.061"></status>
</kw>
<kw name="Should Be Equal As Strings" library="BuiltIn">
<doc>Fails if objects are unequal after converting them to strings.</doc>
<arguments>
<arg>${version}</arg>
<arg>${JUNOS}</arg>
</arguments>
<status status="PASS" starttime="20200409 14:36:22.061" endtime="20200409 14:36:22.061"></status>
</kw>
<kw name="Close Device" library="JunosDevice">
<msg timestamp="20200409 14:36:22.062" level="INFO">[host 127.0.0.1 session-id 3927] Requesting 'CloseSession'</msg>
<status status="PASS" starttime="20200409 14:36:22.061" endtime="20200409 14:36:22.168"></status>
</kw>
<status status="PASS" starttime="20200409 14:36:19.927" endtime="20200409 14:36:22.168"></status>
</kw>
<kw name="${VQFX} = {'ip': '127.0.0.1', 'port': '2200'}" type="foritem">
<kw name="Connect Device" library="JunosDevice">
<arguments>
<arg>host=${VQFX['ip']}</arg>
<arg>port=${VQFX['port']}</arg>
<arg>user=${USERNAME}</arg>
<arg>password=${PASSWORD}</arg>
</arguments>
<msg timestamp="20200409 14:36:22.436" level="INFO">[host 127.0.0.1 session-id 3887] initialized: session-id=3887 | server_capabilities=&lt;dict_keyiterator object at 0x7f481638a868&gt;</msg>
<status status="PASS" starttime="20200409 14:36:22.168" endtime="20200409 14:36:22.437"></status>
</kw>
<kw name="Get Device Os Version" library="JunosDevice">
<assign>
<var>${version}</var>
</assign>
<msg timestamp="20200409 14:36:22.437" level="INFO">[host 127.0.0.1 session-id 3887] Requesting 'ExecuteRpc'</msg>
<msg timestamp="20200409 14:36:22.540" level="INFO">[host 127.0.0.1 session-id 3887] Requesting 'ExecuteRpc'</msg>
<msg timestamp="20200409 14:36:22.662" level="INFO">[host 127.0.0.1 session-id 3887] Requesting 'ExecuteRpc'</msg>
<msg timestamp="20200409 14:36:22.779" level="INFO">[host 127.0.0.1 session-id 3887] Requesting 'ExecuteRpc'</msg>
<msg timestamp="20200409 14:36:22.920" level="INFO">[host 127.0.0.1 session-id 3887] Requesting 'ExecuteRpc'</msg>
<msg timestamp="20200409 14:36:23.026" level="INFO">[host 127.0.0.1 session-id 3887] Requesting 'ExecuteRpc'</msg>
<msg timestamp="20200409 14:36:23.552" level="INFO">[host 127.0.0.1 session-id 3887] Requesting 'ExecuteRpc'</msg>
<msg timestamp="20200409 14:36:23.656" level="INFO">[host 127.0.0.1 session-id 3887] Requesting 'ExecuteRpc'</msg>
<msg timestamp="20200409 14:36:23.768" level="INFO">[host 127.0.0.1 session-id 3887] Requesting 'ExecuteRpc'</msg>
<msg timestamp="20200409 14:36:23.870" level="INFO">[host 127.0.0.1 session-id 3887] Requesting 'ExecuteRpc'</msg>
<msg timestamp="20200409 14:36:23.975" level="INFO">[host 127.0.0.1 session-id 3887] Requesting 'ExecuteRpc'</msg>
<msg timestamp="20200409 14:36:24.078" level="INFO">[host 127.0.0.1 session-id 3887] Requesting 'ExecuteRpc'</msg>
<msg timestamp="20200409 14:36:24.183" level="INFO">${version} = 19.4R1.10</msg>
<status status="PASS" starttime="20200409 14:36:22.437" endtime="20200409 14:36:24.183"></status>
</kw>
<kw name="Should Be Equal As Strings" library="BuiltIn">
<doc>Fails if objects are unequal after converting them to strings.</doc>
<arguments>
<arg>${version}</arg>
<arg>${JUNOS}</arg>
</arguments>
<status status="PASS" starttime="20200409 14:36:24.183" endtime="20200409 14:36:24.183"></status>
</kw>
<kw name="Close Device" library="JunosDevice">
<msg timestamp="20200409 14:36:24.184" level="INFO">[host 127.0.0.1 session-id 3887] Requesting 'CloseSession'</msg>
<status status="PASS" starttime="20200409 14:36:24.183" endtime="20200409 14:36:24.289"></status>
</kw>
<status status="PASS" starttime="20200409 14:36:22.168" endtime="20200409 14:36:24.289"></status>
</kw>
<kw name="${VQFX} = {'ip': '127.0.0.1', 'port': '2201'}" type="foritem">
<kw name="Connect Device" library="JunosDevice">
<arguments>
<arg>host=${VQFX['ip']}</arg>
<arg>port=${VQFX['port']}</arg>
<arg>user=${USERNAME}</arg>
<arg>password=${PASSWORD}</arg>
</arguments>
<msg timestamp="20200409 14:36:24.554" level="INFO">[host 127.0.0.1 session-id 3808] initialized: session-id=3808 | server_capabilities=&lt;dict_keyiterator object at 0x7f481638aa98&gt;</msg>
<status status="PASS" starttime="20200409 14:36:24.289" endtime="20200409 14:36:24.555"></status>
</kw>
<kw name="Get Device Os Version" library="JunosDevice">
<assign>
<var>${version}</var>
</assign>
<msg timestamp="20200409 14:36:24.555" level="INFO">[host 127.0.0.1 session-id 3808] Requesting 'ExecuteRpc'</msg>
<msg timestamp="20200409 14:36:24.658" level="INFO">[host 127.0.0.1 session-id 3808] Requesting 'ExecuteRpc'</msg>
<msg timestamp="20200409 14:36:24.783" level="INFO">[host 127.0.0.1 session-id 3808] Requesting 'ExecuteRpc'</msg>
<msg timestamp="20200409 14:36:25.040" level="INFO">[host 127.0.0.1 session-id 3808] Requesting 'ExecuteRpc'</msg>
<msg timestamp="20200409 14:36:25.181" level="INFO">[host 127.0.0.1 session-id 3808] Requesting 'ExecuteRpc'</msg>
<msg timestamp="20200409 14:36:25.290" level="INFO">[host 127.0.0.1 session-id 3808] Requesting 'ExecuteRpc'</msg>
<msg timestamp="20200409 14:36:25.818" level="INFO">[host 127.0.0.1 session-id 3808] Requesting 'ExecuteRpc'</msg>
<msg timestamp="20200409 14:36:25.922" level="INFO">[host 127.0.0.1 session-id 3808] Requesting 'ExecuteRpc'</msg>
<msg timestamp="20200409 14:36:26.035" level="INFO">[host 127.0.0.1 session-id 3808] Requesting 'ExecuteRpc'</msg>
<msg timestamp="20200409 14:36:26.136" level="INFO">[host 127.0.0.1 session-id 3808] Requesting 'ExecuteRpc'</msg>
<msg timestamp="20200409 14:36:26.241" level="INFO">[host 127.0.0.1 session-id 3808] Requesting 'ExecuteRpc'</msg>
<msg timestamp="20200409 14:36:26.344" level="INFO">[host 127.0.0.1 session-id 3808] Requesting 'ExecuteRpc'</msg>
<msg timestamp="20200409 14:36:26.448" level="INFO">${version} = 19.4R1.10</msg>
<status status="PASS" starttime="20200409 14:36:24.555" endtime="20200409 14:36:26.448"></status>
</kw>
<kw name="Should Be Equal As Strings" library="BuiltIn">
<doc>Fails if objects are unequal after converting them to strings.</doc>
<arguments>
<arg>${version}</arg>
<arg>${JUNOS}</arg>
</arguments>
<status status="PASS" starttime="20200409 14:36:26.449" endtime="20200409 14:36:26.449"></status>
</kw>
<kw name="Close Device" library="JunosDevice">
<msg timestamp="20200409 14:36:26.449" level="INFO">[host 127.0.0.1 session-id 3808] Requesting 'CloseSession'</msg>
<status status="PASS" starttime="20200409 14:36:26.449" endtime="20200409 14:36:26.555"></status>
</kw>
<status status="PASS" starttime="20200409 14:36:24.289" endtime="20200409 14:36:26.555"></status>
</kw>
<kw name="${VQFX} = {'ip': '127.0.0.1', 'port': '2202'}" type="foritem">
<kw name="Connect Device" library="JunosDevice">
<arguments>
<arg>host=${VQFX['ip']}</arg>
<arg>port=${VQFX['port']}</arg>
<arg>user=${USERNAME}</arg>
<arg>password=${PASSWORD}</arg>
</arguments>
<msg timestamp="20200409 14:36:26.825" level="INFO">[host 127.0.0.1 session-id 3726] initialized: session-id=3726 | server_capabilities=&lt;dict_keyiterator object at 0x7f481764c638&gt;</msg>
<status status="PASS" starttime="20200409 14:36:26.555" endtime="20200409 14:36:26.825"></status>
</kw>
<kw name="Get Device Os Version" library="JunosDevice">
<assign>
<var>${version}</var>
</assign>
<msg timestamp="20200409 14:36:26.825" level="INFO">[host 127.0.0.1 session-id 3726] Requesting 'ExecuteRpc'</msg>
<msg timestamp="20200409 14:36:26.928" level="INFO">[host 127.0.0.1 session-id 3726] Requesting 'ExecuteRpc'</msg>
<msg timestamp="20200409 14:36:27.063" level="INFO">[host 127.0.0.1 session-id 3726] Requesting 'ExecuteRpc'</msg>
<msg timestamp="20200409 14:36:27.181" level="INFO">[host 127.0.0.1 session-id 3726] Requesting 'ExecuteRpc'</msg>
<msg timestamp="20200409 14:36:27.325" level="INFO">[host 127.0.0.1 session-id 3726] Requesting 'ExecuteRpc'</msg>
<msg timestamp="20200409 14:36:27.430" level="INFO">[host 127.0.0.1 session-id 3726] Requesting 'ExecuteRpc'</msg>
<msg timestamp="20200409 14:36:27.957" level="INFO">[host 127.0.0.1 session-id 3726] Requesting 'ExecuteRpc'</msg>
<msg timestamp="20200409 14:36:28.062" level="INFO">[host 127.0.0.1 session-id 3726] Requesting 'ExecuteRpc'</msg>
<msg timestamp="20200409 14:36:28.175" level="INFO">[host 127.0.0.1 session-id 3726] Requesting 'ExecuteRpc'</msg>
<msg timestamp="20200409 14:36:28.280" level="INFO">[host 127.0.0.1 session-id 3726] Requesting 'ExecuteRpc'</msg>
<msg timestamp="20200409 14:36:28.383" level="INFO">[host 127.0.0.1 session-id 3726] Requesting 'ExecuteRpc'</msg>
<msg timestamp="20200409 14:36:28.487" level="INFO">[host 127.0.0.1 session-id 3726] Requesting 'ExecuteRpc'</msg>
<msg timestamp="20200409 14:36:28.593" level="INFO">${version} = 19.4R1.10</msg>
<status status="PASS" starttime="20200409 14:36:26.825" endtime="20200409 14:36:28.593"></status>
</kw>
<kw name="Should Be Equal As Strings" library="BuiltIn">
<doc>Fails if objects are unequal after converting them to strings.</doc>
<arguments>
<arg>${version}</arg>
<arg>${JUNOS}</arg>
</arguments>
<status status="PASS" starttime="20200409 14:36:28.593" endtime="20200409 14:36:28.593"></status>
</kw>
<kw name="Close Device" library="JunosDevice">
<msg timestamp="20200409 14:36:28.594" level="INFO">[host 127.0.0.1 session-id 3726] Requesting 'CloseSession'</msg>
<status status="PASS" starttime="20200409 14:36:28.594" endtime="20200409 14:36:28.700"></status>
</kw>
<status status="PASS" starttime="20200409 14:36:26.555" endtime="20200409 14:36:28.700"></status>
</kw>
<status status="PASS" starttime="20200409 14:36:19.927" endtime="20200409 14:36:28.700"></status>
</kw>
<status status="PASS" starttime="20200409 14:36:19.927" endtime="20200409 14:36:28.700" critical="yes"></status>
</test>
<doc>This example demonstrates executing external junos library
and checking the OS version of the device.
Needs Python PyYAML library to import variables</doc>
<status status="PASS" starttime="20200409 14:36:19.778" endtime="20200409 14:36:28.701"></status>
</suite>
<statistics>
<total>
<stat pass="1" fail="0">Critical Tests</stat>
<stat pass="1" fail="0">All Tests</stat>
</total>
<tag>
</tag>
<suite>
<stat pass="1" fail="0" id="s1" name="Check Junos Config">Check Junos Config</stat>
</suite>
</statistics>
<errors>
</errors>
</robot>
